C:\Program Files (x86)\Microsoft Visual Studio\2017\Community\MSBuild\15.0\Bin\Microsoft.Common.CurrentVersion.targets(1879,5): warning : The referenced project '..\NNFire.AF\NNFire.AF.vcxproj' does not exist.
C:\Program Files (x86)\Microsoft Visual Studio\2017\Community\Common7\IDE\VC\VCTargets\Microsoft.CppBuild.targets(391,5): warning MSB8028: The intermediate directory (x64\Debug\) contains files shared from another project (NNFire.AF.Interop.vcxproj).  This can lead to incorrect clean and rebuild behavior.
  C_Constraints.cpp
c:\program files\arrayfire\v3\include\af\exception.h(20): warning C4275: non dll-interface class 'std::exception' used as base for dll-interface class 'af::exception'
  c:\program files (x86)\microsoft visual studio\2017\community\vc\tools\msvc\14.16.27023\include\vcruntime_exception.h(44): note: see declaration of 'std::exception'
  c:\program files\arrayfire\v3\include\af\exception.h(19): note: see declaration of 'af::exception'
c:\tfs\nnfire\nnfire.interop\c_constraints.cpp(5): error C2065: 'array': undeclared identifier
c:\tfs\nnfire\nnfire.interop\c_constraints.cpp(5): error C2146: syntax error: missing ';' before identifier 'arr'
c:\tfs\nnfire\nnfire.interop\c_constraints.cpp(5): error C2065: 'arr': undeclared identifier
c:\tfs\nnfire\nnfire.interop\c_constraints.cpp(5): error C2653: 'array': is not a class or namespace name
c:\tfs\nnfire\nnfire.interop\c_constraints.cpp(5): error C3861: 'array': identifier not found
c:\tfs\nnfire\nnfire.interop\c_constraints.cpp(6): error C2653: 'Constraints': is not a class or namespace name
c:\tfs\nnfire\nnfire.interop\c_constraints.cpp(6): error C2065: 'arr': undeclared identifier
c:\tfs\nnfire\nnfire.interop\c_constraints.cpp(6): error C3861: 'MaxNorm': identifier not found
